200407-18:26:23 [INFO] -- 
200407-18:26:23 [INFO] -- 
200407-18:26:23 [INFO] -- ============================================================
200407-18:26:23 [INFO] -- PCSStarter: Application Starting...
200407-18:26:24 [FINE] -- PCSStarter: registering timer
200407-18:26:24 [FINE] -- timer: created!
200407-18:26:24 [FINE] -- PCSStarter: registering PCSCore
200407-18:26:24 [FINE] -- PCSCore: created!
200407-18:26:24 [INFO] -- PCSCore initial vacancy available floor number: [2000, 2000]
200407-18:26:24 [FINE] -- PCSStarter: registering DispatcherHandler
200407-18:26:24 [FINE] -- DispatcherHandler: created!
200407-18:26:24 [FINE] -- PCSStarter: registering CollectorHandler
200407-18:26:24 [FINE] -- CollectorHandler: created!
200407-18:26:24 [FINE] -- PCSStarter: registering EntranceGateHandler
200407-18:26:24 [FINE] -- EntranceGateHandler: created!
200407-18:26:24 [FINE] -- PCSStarter: registering ExitGateHandler
200407-18:26:24 [FINE] -- ExitGateHandler: created!
200407-18:26:24 [FINE] -- PCSStarter: registering PayMachineHandler0
200407-18:26:24 [FINE] -- PayMachineHandler0: created!
200407-18:26:24 [FINE] -- PCSStarter: registering PayMachineHandler1
200407-18:26:24 [FINE] -- PayMachineHandler1: created!
200407-18:26:26 [INFO] -- timer: starting...
200407-18:26:26 [INFO] -- PCSCore: starting...
200407-18:26:26 [INFO] -- ExitGateHandler: starting...
200407-18:26:26 [INFO] -- CollectorHandler: starting...
200407-18:26:26 [INFO] -- DispatcherHandler: starting...
200407-18:26:26 [INFO] -- PayMachineHandler0: starting...
200407-18:26:26 [INFO] -- EntranceGateHandler: starting...
200407-18:26:26 [INFO] -- PayMachineHandler1: starting...
200407-18:26:31 [FINE] -- DispatcherHandler: message received: [DispatcherHandler (AddTicket) -- {DispatcherHandler}].
200407-18:26:31 [FINE] -- PCSCore: message received: [DispatcherHandlerEmulator (AddTicket) -- {DispatcherHandler}].
200407-18:26:31 [INFO] -- PCSCore:PCS has generated a new ticket
200407-18:26:31 [FINE] -- PCSCore:Ticket added
200407-18:26:31 [FINE] -- DispatcherHandler: message received: [PCSCore (ReceiveTicketID) -- {3}].
200407-18:26:31 [FINE] -- PCSCore: message received: [DispatcherHandlerEmulator (RemoveTicket) -- {Remove Ticket Now}].
200407-18:26:31 [INFO] -- PCSCore: Ticket Dispatcher Ticket Is Removed. Open Gate. 
200407-18:26:31 [FINE] -- EntranceGateHandler: message received: [PCSCore (GateOpenRequest) -- {OpenGate}].
200407-18:26:31 [INFO] -- EntranceGateHandler: gate open request received
200407-18:26:31 [INFO] -- EntranceGateHandler: send signal to open the gate now.
200407-18:26:31 [FINE] -- EntranceGateHandlerEmulator: Gate open signal received.  [autoOpen is on]
200407-18:26:31 [FINE] -- EntranceGateHandlerEmulator: Gate open timer started.
200407-18:26:31 [FINE] -- EntranceGateHandler: gate status change: GateClosed --> GateOpening
200407-18:26:33 [FINE] -- EntranceGateHandler: message received: [Timer (TimesUp) -- {TimesUp 00001 0}].
200407-18:26:33 [FINE] -- EntranceGateHandlerEmulator: Times up received.
200407-18:26:33 [FINE] -- EntranceGateHandlerEmulator: Gate open timer is up.  [autoOpen is on]
200407-18:26:33 [FINE] -- EntranceGateHandlerEmulator: Send gate open reply
200407-18:26:33 [FINE] -- EntranceGateHandler: message received: [EntranceGateHandlerEmulator (GateOpenReply) -- {Gate Open Reply}].
200407-18:26:33 [INFO] -- EntranceGateHandler: gate open reply received
200407-18:26:33 [INFO] -- EntranceGateHandler: inform PCS Core that gate has finished opening.
200407-18:26:33 [FINE] -- PCSCore: message received: [EntranceGateHandler (GateOpenReply) -- {}].
200407-18:26:33 [FINE] -- EntranceGateHandler: gate status change: GateOpening --> GateOpened
200407-18:26:33 [INFO] -- PCSCore: EntranceGateHandler is opened.
200407-18:26:35 [FINE] -- PayMachineHandler1: message received: [PayMachineHandler1 (TicketRequest) -- {PayMachineHandler1,3}].
200407-18:26:35 [FINE] -- PCSCore: message received: [PayMachineHandler1 (TicketRequest) -- {PayMachineHandler1,3}].
200407-18:26:35 [INFO] -- PayMachineHandler1: I am waiting for Ticket Info
200407-18:26:35 [INFO] -- PCSCore:PCS Sent the fee already
200407-18:26:35 [FINE] -- PayMachineHandler1: message received: [PCSCore (TicketFee) -- {PayMachineHandler1,3,20.0,1586256195560,1586255191078}].
200407-18:26:35 [INFO] -- PayMachineHandler1: Waiting for driver's Payment
200407-18:26:39 [FINE] -- PCSCore: message received: [Timer (TimesUp) -- {TimesUp 00004 0}].
200407-18:26:39 [INFO] -- ------------------------------------------------------------
200407-18:26:39 [FINE] -- EntranceGateHandler: message received: [PCSCore (GateCloseRequest) -- {Close Gate}].
200407-18:26:39 [INFO] -- PCSCore: Inform Entrance Gate To Close 
200407-18:26:39 [INFO] -- EntranceGateHandler: gate close request received
200407-18:26:39 [INFO] -- EntranceGateHandler: send signal to close the gate now.
200407-18:26:39 [FINE] -- EntranceGateHandlerEmulator: Gate close signal received.  [autoClose is on]
200407-18:26:39 [FINE] -- EntranceGateHandlerEmulator: Gate close timer started.
200407-18:26:39 [FINE] -- EntranceGateHandler: gate status change: GateOpened --> GateClosing
200407-18:26:40 [FINE] -- EntranceGateHandler: message received: [Timer (TimesUp) -- {TimesUp 00002 0}].
200407-18:26:40 [FINE] -- EntranceGateHandlerEmulator: Times up received.
200407-18:26:40 [FINE] -- EntranceGateHandlerEmulator: Gate close timer is up.  [autoClose is on]
200407-18:26:40 [FINE] -- EntranceGateHandlerEmulator: Send gate close reply
200407-18:26:40 [FINE] -- EntranceGateHandler: message received: [EntranceGateHandlerEmulator (GateCloseReply) -- {Gate Close Reply}].
200407-18:26:40 [INFO] -- EntranceGateHandler: gate close reply received
200407-18:26:40 [INFO] -- EntranceGateHandler: inform PCS Core that gate has finished closing.
200407-18:26:40 [FINE] -- PCSCore: message received: [EntranceGateHandler (GateCloseReply) -- {}].
200407-18:26:40 [FINE] -- EntranceGateHandler: gate status change: GateClosing --> GateClosed
200407-18:26:40 [INFO] -- PCSCore: EntranceGateHandler is closed.
